app/build/intermediates/manifest_merge_blame_file/debug/manifest-merger-blame-debug-report.txt
1<?xml version="1.0" encoding="utf-8"?>
2<manifest xmlns:android="http://schemas.android.com/apk/res/android"
3    package="com.abbrowser.app"
4    android:versionCode="2"
5    android:versionName="1.1" >
6
7    <uses-sdk
8        android:minSdkVersion="21"
9        android:targetSdkVersion="33" />
10
11    <uses-permission android:name="android.permission.INTERNET" />
11-->src/main/AndroidManifest.xml:5:5-67
11-->src/main/AndroidManifest.xml:5:22-64
12
13    <permission
13-->[androidx.core:core:1.9.0] AndroidManifest.xml:22:5-24:47
14        android:name="com.abbrowser.app.DYNAMIC_RECEIVER_NOT_EXPORTED_PERMISSION"
14-->[androidx.core:core:1.9.0] AndroidManifest.xml:23:9-81
15        android:protectionLevel="signature" />
15-->[androidx.core:core:1.9.0] AndroidManifest.xml:24:9-44
16
17    <uses-permission android:name="com.abbrowser.app.DYNAMIC_RECEIVER_NOT_EXPORTED_PERMISSION" />
17-->[androidx.core:core:1.9.0] AndroidManifest.xml:26:5-97
17-->[androidx.core:core:1.9.0] AndroidManifest.xml:26:22-94
18
19    <application
19-->src/main/AndroidManifest.xml:7:5-25:19
20        android:allowBackup="true"
20-->src/main/AndroidManifest.xml:8:9-35
21        android:appComponentFactory="androidx.core.app.CoreComponentFactory"
21-->[androidx.core:core:1.9.0] AndroidManifest.xml:28:18-86
22        android:debuggable="true"
23        android:extractNativeLibs="true"
24        android:icon="@mipmap/ic_launcher"
24-->src/main/AndroidManifest.xml:9:9-43
25        android:label="@string/app_name"
25-->src/main/AndroidManifest.xml:10:9-41
26        android:roundIcon="@mipmap/ic_launcher"
26-->src/main/AndroidManifest.xml:11:9-48
27        android:supportsRtl="true"
27-->src/main/AndroidManifest.xml:12:9-35
28        android:theme="@style/Theme.ABBrowser"
28-->src/main/AndroidManifest.xml:13:9-47
29        android:usesCleartextTraffic="true" >
29-->src/main/AndroidManifest.xml:14:9-44
30        <activity
30-->src/main/AndroidManifest.xml:16:9-23:20
31            android:name="com.abbrowser.app.MainActivity"
31-->src/main/AndroidManifest.xml:17:13-41
32            android:exported="true" >
32-->src/main/AndroidManifest.xml:18:13-36
33            <intent-filter>
33-->src/main/AndroidManifest.xml:19:13-22:29
34                <action android:name="android.intent.action.MAIN" />
34-->src/main/AndroidManifest.xml:20:17-69
34-->src/main/AndroidManifest.xml:20:25-66
35
36                <category android:name="android.intent.category.LAUNCHER" />
36-->src/main/AndroidManifest.xml:21:17-77
36-->src/main/AndroidManifest.xml:21:27-74
37            </intent-filter>
38        </activity>
39
40        <provider
40-->[androidx.emoji2:emoji2:1.2.0] AndroidManifest.xml:24:9-32:20
41            android:name="androidx.startup.InitializationProvider"
41-->[androidx.emoji2:emoji2:1.2.0] AndroidManifest.xml:25:13-67
42            android:authorities="com.abbrowser.app.androidx-startup"
42-->[androidx.emoji2:emoji2:1.2.0] AndroidManifest.xml:26:13-68
43            android:exported="false" >
43-->[androidx.emoji2:emoji2:1.2.0] AndroidManifest.xml:27:13-37
44            <meta-data
44-->[androidx.emoji2:emoji2:1.2.0] AndroidManifest.xml:29:13-31:52
45                android:name="androidx.emoji2.text.EmojiCompatInitializer"
45-->[androidx.emoji2:emoji2:1.2.0] AndroidManifest.xml:30:17-75
46                android:value="androidx.startup" />
46-->[androidx.emoji2:emoji2:1.2.0] AndroidManifest.xml:31:17-49
47            <meta-data
47-->[androidx.lifecycle:lifecycle-process:2.4.1] AndroidManifest.xml:31:13-33:52
48                android:name="androidx.lifecycle.ProcessLifecycleInitializer"
48-->[androidx.lifecycle:lifecycle-process:2.4.1] AndroidManifest.xml:32:17-78
49                android:value="androidx.startup" />
49-->[androidx.lifecycle:lifecycle-process:2.4.1] AndroidManifest.xml:33:17-49
50        </provider>
51    </application>
52
53</manifest>